<?xml version="1.0" encoding="UTF-8"?>
<!-- Generated by org.testng.reporters.JUnitXMLReporter -->
<testsuite ignored="0" hostname="LAPTOP-1195JHCC" failures="0" tests="4" name="Test" time="6.705" errors="0" timestamp="2024-07-04T04:31:26 IST">
  <testcase classname="mvnAndJenkinSession25.mvnAndJenkin.SampleTest" name="testOne" time="6.645"/>
  <testcase classname="mvnAndJenkinSession25.mvnAndJenkin.OneTest" name="OneTest1" time="0.002"/>
  <testcase classname="mvnAndJenkinSession25.mvnAndJenkin.TwoTest" name="TwoTest1" time="0.001"/>
  <testcase classname="mvnAndJenkinSession25.mvnAndJenkin.ThreeTest" name="ThreeTest1" time="0.002"/>
</testsuite> <!-- Test -->
