<?xml version="1.0" encoding="UTF-8"?>
<!-- Generated by org.testng.reporters.JUnitXMLReporter -->
<testsuite ignored="0" hostname="LAPTOP-1195JHCC" failures="0" tests="4" name="Test" time="20.598" errors="0" timestamp="2024-07-04T04:36:11 IST">
  <testcase classname="mvnAndJenkinSession25.mvnAndJenkin.SampleTest" name="testOne" time="20.557"/>
  <testcase classname="mvnAndJenkinSession25.mvnAndJenkin.OneTest" name="OneTest1" time="0.001"/>
  <testcase classname="mvnAndJenkinSession25.mvnAndJenkin.TwoTest" name="TwoTest1" time="0.001"/>
  <testcase classname="mvnAndJenkinSession25.mvnAndJenkin.ThreeTest" name="ThreeTest1" time="0.0"/>
</testsuite> <!-- Test -->
