<?xml version="1.0" encoding="UTF-8"?>
<testng-results ignored="0" total="2" passed="2" failed="0" skipped="0">
  <reporter-output>
  </reporter-output>
  <suite started-at="2024-07-24T15:20:03 IST" name="Default suite" finished-at="2024-07-24T15:20:16 IST" duration-ms="12964">
    <groups>
    </groups>
    <test started-at="2024-07-24T15:20:03 IST" name="Default test" finished-at="2024-07-24T15:20:16 IST" duration-ms="12964">
      <class name="TDDFramework.TestCase1">
        <test-method is-config="true" signature="openBrowser()[pri:0, instance:TDDFramework.TestCase1@776aec5c]" started-at="2024-07-24T15:20:03 IST" name="openBrowser" finished-at="2024-07-24T15:20:09 IST" duration-ms="5503" status="PASS">
          <reporter-output>
          </reporter-output>
        </test-method> <!-- openBrowser -->
        <test-method signature="LoginValidate()[pri:0, instance:TDDFramework.TestCase1@776aec5c]" started-at="2024-07-24T15:20:09 IST" name="LoginValidate" finished-at="2024-07-24T15:20:11 IST" duration-ms="2514" status="PASS">
          <reporter-output>
          </reporter-output>
        </test-method> <!-- LoginValidate -->
        <test-method is-config="true" signature="closeBrowser()[pri:0, instance:TDDFramework.TestCase1@776aec5c]" started-at="2024-07-24T15:20:11 IST" name="closeBrowser" finished-at="2024-07-24T15:20:12 IST" duration-ms="421" status="PASS">
          <reporter-output>
          </reporter-output>
        </test-method> <!-- closeBrowser -->
        <test-method is-config="true" signature="openBrowser()[pri:0, instance:TDDFramework.TestCase1@776aec5c]" started-at="2024-07-24T15:20:12 IST" name="openBrowser" finished-at="2024-07-24T15:20:16 IST" duration-ms="4000" status="PASS">
          <reporter-output>
          </reporter-output>
        </test-method> <!-- openBrowser -->
        <test-method signature="test()[pri:0, instance:TDDFramework.TestCase1@776aec5c]" started-at="2024-07-24T15:20:16 IST" name="test" finished-at="2024-07-24T15:20:16 IST" duration-ms="19" status="PASS">
          <reporter-output>
          </reporter-output>
        </test-method> <!-- test -->
        <test-method is-config="true" signature="closeBrowser()[pri:0, instance:TDDFramework.TestCase1@776aec5c]" started-at="2024-07-24T15:20:16 IST" name="closeBrowser" finished-at="2024-07-24T15:20:16 IST" duration-ms="450" status="PASS">
          <reporter-output>
          </reporter-output>
        </test-method> <!-- closeBrowser -->
      </class> <!-- TDDFramework.TestCase1 -->
    </test> <!-- Default test -->
  </suite> <!-- Default suite -->
</testng-results>
